<?xml version="1.0" encoding="UTF-8"?>
<testsuite name="mytestproject.AppTest" tests="1" skipped="0" failures="0" errors="0" timestamp="2023-06-17T05:10:50" hostname="ubuntu1804" time="0.005">
  <properties/>
  <testcase name="testAppHasAGreeting" classname="mytestproject.AppTest" time="0.005"/>
  <system-out><![CDATA[]]></system-out>
  <system-err><![CDATA[]]></system-err>
</testsuite>
